2023-10-12T02:46:15.108+02:00  INFO 7980 --- [main] com.novare.tredara.TredaraApplication    : Starting TredaraApplication using Java 17.0.2 with PID 7980 (C:\Drive D\Alireza\Back end course\project 6\Tredara\target\classes started by aktoo in C:\Drive D\Alireza\Back end course\project 6\Tredara)
2023-10-12T02:46:15.111+02:00  INFO 7980 --- [main] com.novare.tredara.TredaraApplication    : No active profile set, falling back to 1 default profile: "default"
2023-10-12T02:46:15.796+02:00  INFO 7980 --- [main] .s.d.r.c.RepositoryConfigurationDelegate : Bootstrapping Spring Data JPA repositories in DEFAULT mode.
2023-10-12T02:46:15.872+02:00  INFO 7980 --- [main] .s.d.r.c.RepositoryConfigurationDelegate : Finished Spring Data repository scanning in 67 ms. Found 4 JPA repository interfaces.
2023-10-12T02:46:16.415+02:00  INFO 7980 --- [main] o.s.b.w.embedded.tomcat.TomcatWebServer  : Tomcat initialized with port(s): 8080 (http)
2023-10-12T02:46:16.423+02:00  INFO 7980 --- [main] o.apache.catalina.core.StandardService   : Starting service [Tomcat]
2023-10-12T02:46:16.423+02:00  INFO 7980 --- [main] o.apache.catalina.core.StandardEngine    : Starting Servlet engine: [Apache Tomcat/10.1.13]
2023-10-12T02:46:16.515+02:00  INFO 7980 --- [main] o.a.c.c.C.[Tomcat].[localhost].[/]       : Initializing Spring embedded WebApplicationContext
2023-10-12T02:46:16.516+02:00  INFO 7980 --- [main] w.s.c.ServletWebServerApplicationContext : Root WebApplicationContext: initialization completed in 1357 ms
2023-10-12T02:46:16.637+02:00  INFO 7980 --- [main] o.hibernate.jpa.internal.util.LogHelper  : HHH000204: Processing PersistenceUnitInfo [name: default]
2023-10-12T02:46:16.701+02:00  INFO 7980 --- [main] org.hibernate.Version                    : HHH000412: Hibernate ORM core version 6.2.9.Final
2023-10-12T02:46:16.704+02:00  INFO 7980 --- [main] org.hibernate.cfg.Environment            : HHH000406: Using bytecode reflection optimizer
2023-10-12T02:46:16.873+02:00  INFO 7980 --- [main] o.h.b.i.BytecodeProviderInitiator        : HHH000021: Bytecode provider name : bytebuddy
2023-10-12T02:46:17.044+02:00  INFO 7980 --- [main] o.s.o.j.p.SpringPersistenceUnitInfo      : No LoadTimeWeaver setup: ignoring JPA class transformer
2023-10-12T02:46:17.060+02:00  INFO 7980 --- [main] com.zaxxer.hikari.HikariDataSource       : HikariPool-1 - Starting...
2023-10-12T02:46:17.386+02:00  INFO 7980 --- [main] com.zaxxer.hikari.pool.HikariPool        : HikariPool-1 - Added connection com.mysql.cj.jdbc.ConnectionImpl@563172d3
2023-10-12T02:46:17.388+02:00  INFO 7980 --- [main] com.zaxxer.hikari.HikariDataSource       : HikariPool-1 - Start completed.
2023-10-12T02:46:17.713+02:00  INFO 7980 --- [main] o.h.b.i.BytecodeProviderInitiator        : HHH000021: Bytecode provider name : bytebuddy
2023-10-12T02:46:18.498+02:00  INFO 7980 --- [main] o.h.e.t.j.p.i.JtaPlatformInitiator       : HHH000490: Using JtaPlatform implementation: [org.hibernate.engine.transaction.jta.platform.internal.NoJtaPlatform]
2023-10-12T02:46:18.635+02:00  INFO 7980 --- [main] j.LocalContainerEntityManagerFactoryBean : Initialized JPA EntityManagerFactory for persistence unit 'default'
2023-10-12T02:46:19.148+02:00  INFO 7980 --- [main] o.s.d.j.r.query.QueryEnhancerFactory     : Hibernate is in classpath; If applicable, HQL parser will be used.
2023-10-12T02:46:19.642+02:00  WARN 7980 --- [main] JpaBaseConfiguration$JpaWebConfiguration : spring.jpa.open-in-view is enabled by default. Therefore, database queries may be performed during view rendering. Explicitly configure spring.jpa.open-in-view to disable this warning
2023-10-12T02:46:19.920+02:00  INFO 7980 --- [main] o.s.s.web.DefaultSecurityFilterChain     : Will secure any request with [org.springframework.security.web.session.DisableEncodeUrlFilter@1db4ea47, org.springframework.security.web.context.request.async.WebAsyncManagerIntegrationFilter@6259f18e, org.springframework.security.web.context.SecurityContextHolderFilter@27df971b, org.springframework.security.web.header.HeaderWriterFilter@196519dd, org.springframework.security.web.authentication.logout.LogoutFilter@3ad9f06a, com.novare.tredara.security.jwt.AuthTokenFilter@733e3c19, org.springframework.security.web.savedrequest.RequestCacheAwareFilter@363b7709, org.springframework.security.web.servletapi.SecurityContextHolderAwareRequestFilter@b88d294, org.springframework.security.web.authentication.AnonymousAuthenticationFilter@3abe8714, org.springframework.security.web.session.SessionManagementFilter@25727f74, org.springframework.security.web.access.ExceptionTranslationFilter@2de22e7, org.springframework.security.web.access.intercept.AuthorizationFilter@5205b2e5]
2023-10-12T02:46:20.193+02:00  INFO 7980 --- [main] o.s.b.w.embedded.tomcat.TomcatWebServer  : Tomcat started on port(s): 8080 (http) with context path ''
2023-10-12T02:46:20.201+02:00  INFO 7980 --- [main] com.novare.tredara.TredaraApplication    : Started TredaraApplication in 5.546 seconds (process running for 6.304)
2023-10-12T02:46:26.291+02:00  INFO 7980 --- [http-nio-8080-exec-3] o.a.c.c.C.[Tomcat].[localhost].[/]       : Initializing Spring DispatcherServlet 'dispatcherServlet'
2023-10-12T02:46:26.292+02:00  INFO 7980 --- [http-nio-8080-exec-3] o.s.web.servlet.DispatcherServlet        : Initializing Servlet 'dispatcherServlet'
2023-10-12T02:46:26.294+02:00  INFO 7980 --- [http-nio-8080-exec-3] o.s.web.servlet.DispatcherServlet        : Completed initialization in 2 ms
2023-10-12T02:46:26.807+02:00  INFO 7980 --- [http-nio-8080-exec-5] c.n.tredara.controllers.FilesController  : Image file processed
2023-10-12T02:46:26.807+02:00  INFO 7980 --- [http-nio-8080-exec-7] c.n.tredara.controllers.FilesController  : Image file processed
2023-10-12T02:46:26.807+02:00  INFO 7980 --- [http-nio-8080-exec-8] c.n.tredara.controllers.FilesController  : Image file processed
2023-10-12T02:46:26.807+02:00  INFO 7980 --- [http-nio-8080-exec-10] c.n.tredara.controllers.FilesController  : Image file processed
2023-10-12T02:54:57.395+02:00  WARN 7980 --- [http-nio-8080-exec-2] .w.s.m.s.DefaultHandlerExceptionResolver : Resolved [org.springframework.http.converter.HttpMessageNotReadableException: JSON parse error: Cannot deserialize value of type `java.util.Date` from String "2023-10-12 01:59:26": not a valid representation (error: Failed to parse Date value '2023-10-12 01:59:26': Cannot parse date "2023-10-12 01:59:26": while it seems to fit format 'yyyy-MM-dd'T'HH:mm:ss.SSSX', parsing fails (leniency? null))]
2023-10-12T02:55:16.045+02:00  WARN 7980 --- [http-nio-8080-exec-6] .w.s.m.s.DefaultHandlerExceptionResolver : Resolved [org.springframework.http.converter.HttpMessageNotReadableException: JSON parse error: Cannot deserialize value of type `java.util.Date` from String "2023-10-12 01:59:26.0": not a valid representation (error: Failed to parse Date value '2023-10-12 01:59:26.0': Cannot parse date "2023-10-12 01:59:26.0": while it seems to fit format 'yyyy-MM-dd'T'HH:mm:ss.SSSX', parsing fails (leniency? null))]
2023-10-12T02:55:17.083+02:00  WARN 7980 --- [http-nio-8080-exec-7] .w.s.m.s.DefaultHandlerExceptionResolver : Resolved [org.springframework.http.converter.HttpMessageNotReadableException: JSON parse error: Cannot deserialize value of type `java.util.Date` from String "2023-10-12 01:59:26.0": not a valid representation (error: Failed to parse Date value '2023-10-12 01:59:26.0': Cannot parse date "2023-10-12 01:59:26.0": while it seems to fit format 'yyyy-MM-dd'T'HH:mm:ss.SSSX', parsing fails (leniency? null))]
2023-10-12T02:55:18.246+02:00  WARN 7980 --- [http-nio-8080-exec-10] .w.s.m.s.DefaultHandlerExceptionResolver : Resolved [org.springframework.http.converter.HttpMessageNotReadableException: JSON parse error: Cannot deserialize value of type `java.util.Date` from String "2023-10-12 01:59:26.0": not a valid representation (error: Failed to parse Date value '2023-10-12 01:59:26.0': Cannot parse date "2023-10-12 01:59:26.0": while it seems to fit format 'yyyy-MM-dd'T'HH:mm:ss.SSSX', parsing fails (leniency? null))]
2023-10-12T02:56:37.209+02:00  INFO 7980 --- [SpringApplicationShutdownHook] j.LocalContainerEntityManagerFactoryBean : Closing JPA EntityManagerFactory for persistence unit 'default'
2023-10-12T02:56:37.209+02:00  INFO 7980 --- [SpringApplicationShutdownHook] com.zaxxer.hikari.HikariDataSource       : HikariPool-1 - Shutdown initiated...
2023-10-12T02:56:37.240+02:00  INFO 7980 --- [SpringApplicationShutdownHook] com.zaxxer.hikari.HikariDataSource       : HikariPool-1 - Shutdown completed.
